[42712847ms] [INFO] %cDownload the React DevTools for a better development experience: https://react.dev/link/react-devtools font-weight:bold @ http://localhost:3000/_next/static/chunks/node_modules_next_dist_1ybzpk2._.js:2477
[42712879ms] [LOG] [HMR] connected @ http://localhost:3000/_next/static/chunks/node_modules_next_dist_1ybzpk2._.js:2477
[42713078ms] [ERROR] Failed to load resource: the server responded with a status of 400 () @ https://kvhsviugkbvrjdkfhlra.supabase.co/rest/v1/rpc/get_commute_status:0
[42715931ms] [ERROR] Failed to load resource: the server responded with a status of 400 () @ https://kvhsviugkbvrjdkfhlra.supabase.co/rest/v1/rpc/get_commute_status:0
[42719017ms] [ERROR] Failed to load resource: the server responded with a status of 400 () @ https://kvhsviugkbvrjdkfhlra.supabase.co/rest/v1/rpc/get_commute_status:0
[42721924ms] [ERROR] Failed to load resource: the server responded with a status of 400 () @ https://kvhsviugkbvrjdkfhlra.supabase.co/rest/v1/rpc/get_commute_status:0
[42724930ms] [ERROR] Failed to load resource: the server responded with a status of 400 () @ https://kvhsviugkbvrjdkfhlra.supabase.co/rest/v1/rpc/get_commute_status:0
[42727947ms] [ERROR] Failed to load resource: the server responded with a status of 400 () @ https://kvhsviugkbvrjdkfhlra.supabase.co/rest/v1/rpc/get_commute_status:0
[42730931ms] [ERROR] Failed to load resource: the server responded with a status of 400 () @ https://kvhsviugkbvrjdkfhlra.supabase.co/rest/v1/rpc/get_commute_status:0
[42733920ms] [ERROR] Failed to load resource: the server responded with a status of 400 () @ https://kvhsviugkbvrjdkfhlra.supabase.co/rest/v1/rpc/get_commute_status:0
[42736929ms] [ERROR] Failed to load resource: the server responded with a status of 400 () @ https://kvhsviugkbvrjdkfhlra.supabase.co/rest/v1/rpc/get_commute_status:0
[42739920ms] [ERROR] Failed to load resource: the server responded with a status of 400 () @ https://kvhsviugkbvrjdkfhlra.supabase.co/rest/v1/rpc/get_commute_status:0
[42742967ms] [ERROR] Failed to load resource: the server responded with a status of 400 () @ https://kvhsviugkbvrjdkfhlra.supabase.co/rest/v1/rpc/get_commute_status:0
[42745927ms] [ERROR] Failed to load resource: the server responded with a status of 400 () @ https://kvhsviugkbvrjdkfhlra.supabase.co/rest/v1/rpc/get_commute_status:0
[42749077ms] [ERROR] Failed to load resource: the server responded with a status of 400 () @ https://kvhsviugkbvrjdkfhlra.supabase.co/rest/v1/rpc/get_commute_status:0
[42751919ms] [ERROR] Failed to load resource: the server responded with a status of 400 () @ https://kvhsviugkbvrjdkfhlra.supabase.co/rest/v1/rpc/get_commute_status:0
[42754927ms] [ERROR] Failed to load resource: the server responded with a status of 400 () @ https://kvhsviugkbvrjdkfhlra.supabase.co/rest/v1/rpc/get_commute_status:0
[42757931ms] [ERROR] Failed to load resource: the server responded with a status of 400 () @ https://kvhsviugkbvrjdkfhlra.supabase.co/rest/v1/rpc/get_commute_status:0
[42760930ms] [ERROR] Failed to load resource: the server responded with a status of 400 () @ https://kvhsviugkbvrjdkfhlra.supabase.co/rest/v1/rpc/get_commute_status:0
[42763939ms] [ERROR] Failed to load resource: the server responded with a status of 400 () @ https://kvhsviugkbvrjdkfhlra.supabase.co/rest/v1/rpc/get_commute_status:0
[42766930ms] [ERROR] Failed to load resource: the server responded with a status of 400 () @ https://kvhsviugkbvrjdkfhlra.supabase.co/rest/v1/rpc/get_commute_status:0
[42769930ms] [ERROR] Failed to load resource: the server responded with a status of 400 () @ https://kvhsviugkbvrjdkfhlra.supabase.co/rest/v1/rpc/get_commute_status:0
[42772949ms] [ERROR] Failed to load resource: the server responded with a status of 400 () @ https://kvhsviugkbvrjdkfhlra.supabase.co/rest/v1/rpc/get_commute_status:0
[42775938ms] [ERROR] Failed to load resource: the server responded with a status of 400 () @ https://kvhsviugkbvrjdkfhlra.supabase.co/rest/v1/rpc/get_commute_status:0
[42778923ms] [ERROR] Failed to load resource: the server responded with a status of 400 () @ https://kvhsviugkbvrjdkfhlra.supabase.co/rest/v1/rpc/get_commute_status:0
[42781933ms] [ERROR] Failed to load resource: the server responded with a status of 400 () @ https://kvhsviugkbvrjdkfhlra.supabase.co/rest/v1/rpc/get_commute_status:0
[42784939ms] [ERROR] Failed to load resource: the server responded with a status of 400 () @ https://kvhsviugkbvrjdkfhlra.supabase.co/rest/v1/rpc/get_commute_status:0
[42787922ms] [ERROR] Failed to load resource: the server responded with a status of 400 () @ https://kvhsviugkbvrjdkfhlra.supabase.co/rest/v1/rpc/get_commute_status:0
[42790931ms] [ERROR] Failed to load resource: the server responded with a status of 400 () @ https://kvhsviugkbvrjdkfhlra.supabase.co/rest/v1/rpc/get_commute_status:0
[42793923ms] [ERROR] Failed to load resource: the server responded with a status of 400 () @ https://kvhsviugkbvrjdkfhlra.supabase.co/rest/v1/rpc/get_commute_status:0
[42796929ms] [ERROR] Failed to load resource: the server responded with a status of 400 () @ https://kvhsviugkbvrjdkfhlra.supabase.co/rest/v1/rpc/get_commute_status:0
[42799926ms] [ERROR] Failed to load resource: the server responded with a status of 400 () @ https://kvhsviugkbvrjdkfhlra.supabase.co/rest/v1/rpc/get_commute_status:0
[42802928ms] [ERROR] Failed to load resource: the server responded with a status of 400 () @ https://kvhsviugkbvrjdkfhlra.supabase.co/rest/v1/rpc/get_commute_status:0
[42805937ms] [ERROR] Failed to load resource: the server responded with a status of 400 () @ https://kvhsviugkbvrjdkfhlra.supabase.co/rest/v1/rpc/get_commute_status:0
[42808927ms] [ERROR] Failed to load resource: the server responded with a status of 400 () @ https://kvhsviugkbvrjdkfhlra.supabase.co/rest/v1/rpc/get_commute_status:0
[42811917ms] [ERROR] Failed to load resource: the server responded with a status of 400 () @ https://kvhsviugkbvrjdkfhlra.supabase.co/rest/v1/rpc/get_commute_status:0
[42814927ms] [ERROR] Failed to load resource: the server responded with a status of 400 () @ https://kvhsviugkbvrjdkfhlra.supabase.co/rest/v1/rpc/get_commute_status:0
[42817927ms] [ERROR] Failed to load resource: the server responded with a status of 400 () @ https://kvhsviugkbvrjdkfhlra.supabase.co/rest/v1/rpc/get_commute_status:0
[42820926ms] [ERROR] Failed to load resource: the server responded with a status of 400 () @ https://kvhsviugkbvrjdkfhlra.supabase.co/rest/v1/rpc/get_commute_status:0
[42823920ms] [ERROR] Failed to load resource: the server responded with a status of 400 () @ https://kvhsviugkbvrjdkfhlra.supabase.co/rest/v1/rpc/get_commute_status:0
[42826923ms] [ERROR] Failed to load resource: the server responded with a status of 400 () @ https://kvhsviugkbvrjdkfhlra.supabase.co/rest/v1/rpc/get_commute_status:0
[42829915ms] [ERROR] Failed to load resource: the server responded with a status of 400 () @ https://kvhsviugkbvrjdkfhlra.supabase.co/rest/v1/rpc/get_commute_status:0
[42832927ms] [ERROR] Failed to load resource: the server responded with a status of 400 () @ https://kvhsviugkbvrjdkfhlra.supabase.co/rest/v1/rpc/get_commute_status:0
[42835925ms] [ERROR] Failed to load resource: the server responded with a status of 400 () @ https://kvhsviugkbvrjdkfhlra.supabase.co/rest/v1/rpc/get_commute_status:0
[42838928ms] [ERROR] Failed to load resource: the server responded with a status of 400 () @ https://kvhsviugkbvrjdkfhlra.supabase.co/rest/v1/rpc/get_commute_status:0
[42841927ms] [ERROR] Failed to load resource: the server responded with a status of 400 () @ https://kvhsviugkbvrjdkfhlra.supabase.co/rest/v1/rpc/get_commute_status:0
[42844924ms] [ERROR] Failed to load resource: the server responded with a status of 400 () @ https://kvhsviugkbvrjdkfhlra.supabase.co/rest/v1/rpc/get_commute_status:0
[42847977ms] [ERROR] Failed to load resource: the server responded with a status of 400 () @ https://kvhsviugkbvrjdkfhlra.supabase.co/rest/v1/rpc/get_commute_status:0
[42850935ms] [ERROR] Failed to load resource: the server responded with a status of 400 () @ https://kvhsviugkbvrjdkfhlra.supabase.co/rest/v1/rpc/get_commute_status:0
[42853917ms] [ERROR] Failed to load resource: the server responded with a status of 400 () @ https://kvhsviugkbvrjdkfhlra.supabase.co/rest/v1/rpc/get_commute_status:0
[42856928ms] [ERROR] Failed to load resource: the server responded with a status of 400 () @ https://kvhsviugkbvrjdkfhlra.supabase.co/rest/v1/rpc/get_commute_status:0
[42859923ms] [ERROR] Failed to load resource: the server responded with a status of 400 () @ https://kvhsviugkbvrjdkfhlra.supabase.co/rest/v1/rpc/get_commute_status:0
[42862932ms] [ERROR] Failed to load resource: the server responded with a status of 400 () @ https://kvhsviugkbvrjdkfhlra.supabase.co/rest/v1/rpc/get_commute_status:0
[42865921ms] [ERROR] Failed to load resource: the server responded with a status of 400 () @ https://kvhsviugkbvrjdkfhlra.supabase.co/rest/v1/rpc/get_commute_status:0
[42868931ms] [ERROR] Failed to load resource: the server responded with a status of 400 () @ https://kvhsviugkbvrjdkfhlra.supabase.co/rest/v1/rpc/get_commute_status:0
[42871930ms] [ERROR] Failed to load resource: the server responded with a status of 400 () @ https://kvhsviugkbvrjdkfhlra.supabase.co/rest/v1/rpc/get_commute_status:0
[42874920ms] [ERROR] Failed to load resource: the server responded with a status of 400 () @ https://kvhsviugkbvrjdkfhlra.supabase.co/rest/v1/rpc/get_commute_status:0
[42877943ms] [ERROR] Failed to load resource: the server responded with a status of 400 () @ https://kvhsviugkbvrjdkfhlra.supabase.co/rest/v1/rpc/get_commute_status:0
[42880928ms] [ERROR] Failed to load resource: the server responded with a status of 400 () @ https://kvhsviugkbvrjdkfhlra.supabase.co/rest/v1/rpc/get_commute_status:0
[42883930ms] [ERROR] Failed to load resource: the server responded with a status of 400 () @ https://kvhsviugkbvrjdkfhlra.supabase.co/rest/v1/rpc/get_commute_status:0
[42886928ms] [ERROR] Failed to load resource: the server responded with a status of 400 () @ https://kvhsviugkbvrjdkfhlra.supabase.co/rest/v1/rpc/get_commute_status:0
[42889935ms] [ERROR] Failed to load resource: the server responded with a status of 400 () @ https://kvhsviugkbvrjdkfhlra.supabase.co/rest/v1/rpc/get_commute_status:0
[42892921ms] [ERROR] Failed to load resource: the server responded with a status of 400 () @ https://kvhsviugkbvrjdkfhlra.supabase.co/rest/v1/rpc/get_commute_status:0
[42895930ms] [ERROR] Failed to load resource: the server responded with a status of 400 () @ https://kvhsviugkbvrjdkfhlra.supabase.co/rest/v1/rpc/get_commute_status:0
[42898947ms] [ERROR] Failed to load resource: the server responded with a status of 400 () @ https://kvhsviugkbvrjdkfhlra.supabase.co/rest/v1/rpc/get_commute_status:0
[42901932ms] [ERROR] Failed to load resource: the server responded with a status of 400 () @ https://kvhsviugkbvrjdkfhlra.supabase.co/rest/v1/rpc/get_commute_status:0
[42904922ms] [ERROR] Failed to load resource: the server responded with a status of 400 () @ https://kvhsviugkbvrjdkfhlra.supabase.co/rest/v1/rpc/get_commute_status:0
[42907936ms] [ERROR] Failed to load resource: the server responded with a status of 400 () @ https://kvhsviugkbvrjdkfhlra.supabase.co/rest/v1/rpc/get_commute_status:0
[42910931ms] [ERROR] Failed to load resource: the server responded with a status of 400 () @ https://kvhsviugkbvrjdkfhlra.supabase.co/rest/v1/rpc/get_commute_status:0
[42913936ms] [ERROR] Failed to load resource: the server responded with a status of 400 () @ https://kvhsviugkbvrjdkfhlra.supabase.co/rest/v1/rpc/get_commute_status:0
[42916924ms] [ERROR] Failed to load resource: the server responded with a status of 400 () @ https://kvhsviugkbvrjdkfhlra.supabase.co/rest/v1/rpc/get_commute_status:0
[42919927ms] [ERROR] Failed to load resource: the server responded with a status of 400 () @ https://kvhsviugkbvrjdkfhlra.supabase.co/rest/v1/rpc/get_commute_status:0
[42922930ms] [ERROR] Failed to load resource: the server responded with a status of 400 () @ https://kvhsviugkbvrjdkfhlra.supabase.co/rest/v1/rpc/get_commute_status:0
[42925922ms] [ERROR] Failed to load resource: the server responded with a status of 400 () @ https://kvhsviugkbvrjdkfhlra.supabase.co/rest/v1/rpc/get_commute_status:0
[42928931ms] [ERROR] Failed to load resource: the server responded with a status of 400 () @ https://kvhsviugkbvrjdkfhlra.supabase.co/rest/v1/rpc/get_commute_status:0
[42931932ms] [ERROR] Failed to load resource: the server responded with a status of 400 () @ https://kvhsviugkbvrjdkfhlra.supabase.co/rest/v1/rpc/get_commute_status:0
[42934933ms] [ERROR] Failed to load resource: the server responded with a status of 400 () @ https://kvhsviugkbvrjdkfhlra.supabase.co/rest/v1/rpc/get_commute_status:0
[42937930ms] [ERROR] Failed to load resource: the server responded with a status of 400 () @ https://kvhsviugkbvrjdkfhlra.supabase.co/rest/v1/rpc/get_commute_status:0
[42940925ms] [ERROR] Failed to load resource: the server responded with a status of 400 () @ https://kvhsviugkbvrjdkfhlra.supabase.co/rest/v1/rpc/get_commute_status:0
[42943929ms] [ERROR] Failed to load resource: the server responded with a status of 400 () @ https://kvhsviugkbvrjdkfhlra.supabase.co/rest/v1/rpc/get_commute_status:0
[42946921ms] [ERROR] Failed to load resource: the server responded with a status of 400 () @ https://kvhsviugkbvrjdkfhlra.supabase.co/rest/v1/rpc/get_commute_status:0
[42949923ms] [ERROR] Failed to load resource: the server responded with a status of 400 () @ https://kvhsviugkbvrjdkfhlra.supabase.co/rest/v1/rpc/get_commute_status:0
[42952918ms] [ERROR] Failed to load resource: the server responded with a status of 400 () @ https://kvhsviugkbvrjdkfhlra.supabase.co/rest/v1/rpc/get_commute_status:0
[42955927ms] [ERROR] Failed to load resource: the server responded with a status of 400 () @ https://kvhsviugkbvrjdkfhlra.supabase.co/rest/v1/rpc/get_commute_status:0
[42958929ms] [ERROR] Failed to load resource: the server responded with a status of 400 () @ https://kvhsviugkbvrjdkfhlra.supabase.co/rest/v1/rpc/get_commute_status:0
[42961927ms] [ERROR] Failed to load resource: the server responded with a status of 400 () @ https://kvhsviugkbvrjdkfhlra.supabase.co/rest/v1/rpc/get_commute_status:0
[42964919ms] [ERROR] Failed to load resource: the server responded with a status of 400 () @ https://kvhsviugkbvrjdkfhlra.supabase.co/rest/v1/rpc/get_commute_status:0
[42967941ms] [ERROR] Failed to load resource: the server responded with a status of 400 () @ https://kvhsviugkbvrjdkfhlra.supabase.co/rest/v1/rpc/get_commute_status:0
[42970920ms] [ERROR] Failed to load resource: the server responded with a status of 400 () @ https://kvhsviugkbvrjdkfhlra.supabase.co/rest/v1/rpc/get_commute_status:0
[42973931ms] [ERROR] Failed to load resource: the server responded with a status of 400 () @ https://kvhsviugkbvrjdkfhlra.supabase.co/rest/v1/rpc/get_commute_status:0
[42976916ms] [ERROR] Failed to load resource: the server responded with a status of 400 () @ https://kvhsviugkbvrjdkfhlra.supabase.co/rest/v1/rpc/get_commute_status:0
[42979925ms] [ERROR] Failed to load resource: the server responded with a status of 400 () @ https://kvhsviugkbvrjdkfhlra.supabase.co/rest/v1/rpc/get_commute_status:0
[42982921ms] [ERROR] Failed to load resource: the server responded with a status of 400 () @ https://kvhsviugkbvrjdkfhlra.supabase.co/rest/v1/rpc/get_commute_status:0
[42985936ms] [ERROR] Failed to load resource: the server responded with a status of 400 () @ https://kvhsviugkbvrjdkfhlra.supabase.co/rest/v1/rpc/get_commute_status:0
[42988924ms] [ERROR] Failed to load resource: the server responded with a status of 400 () @ https://kvhsviugkbvrjdkfhlra.supabase.co/rest/v1/rpc/get_commute_status:0
[42991942ms] [ERROR] Failed to load resource: the server responded with a status of 400 () @ https://kvhsviugkbvrjdkfhlra.supabase.co/rest/v1/rpc/get_commute_status:0
[42994921ms] [ERROR] Failed to load resource: the server responded with a status of 400 () @ https://kvhsviugkbvrjdkfhlra.supabase.co/rest/v1/rpc/get_commute_status:0
[42997927ms] [ERROR] Failed to load resource: the server responded with a status of 400 () @ https://kvhsviugkbvrjdkfhlra.supabase.co/rest/v1/rpc/get_commute_status:0
[43000928ms] [ERROR] Failed to load resource: the server responded with a status of 400 () @ https://kvhsviugkbvrjdkfhlra.supabase.co/rest/v1/rpc/get_commute_status:0
[43003932ms] [ERROR] Failed to load resource: the server responded with a status of 400 () @ https://kvhsviugkbvrjdkfhlra.supabase.co/rest/v1/rpc/get_commute_status:0
[43006927ms] [ERROR] Failed to load resource: the server responded with a status of 400 () @ https://kvhsviugkbvrjdkfhlra.supabase.co/rest/v1/rpc/get_commute_status:0
[43009937ms] [ERROR] Failed to load resource: the server responded with a status of 400 () @ https://kvhsviugkbvrjdkfhlra.supabase.co/rest/v1/rpc/get_commute_status:0
[43012926ms] [ERROR] Failed to load resource: the server responded with a status of 400 () @ https://kvhsviugkbvrjdkfhlra.supabase.co/rest/v1/rpc/get_commute_status:0
[43015927ms] [ERROR] Failed to load resource: the server responded with a status of 400 () @ https://kvhsviugkbvrjdkfhlra.supabase.co/rest/v1/rpc/get_commute_status:0
[43018918ms] [ERROR] Failed to load resource: the server responded with a status of 400 () @ https://kvhsviugkbvrjdkfhlra.supabase.co/rest/v1/rpc/get_commute_status:0
[43021925ms] [ERROR] Failed to load resource: the server responded with a status of 400 () @ https://kvhsviugkbvrjdkfhlra.supabase.co/rest/v1/rpc/get_commute_status:0
[43024935ms] [ERROR] Failed to load resource: the server responded with a status of 400 () @ https://kvhsviugkbvrjdkfhlra.supabase.co/rest/v1/rpc/get_commute_status:0
[43027923ms] [ERROR] Failed to load resource: the server responded with a status of 400 () @ https://kvhsviugkbvrjdkfhlra.supabase.co/rest/v1/rpc/get_commute_status:0
[43030917ms] [ERROR] Failed to load resource: the server responded with a status of 400 () @ https://kvhsviugkbvrjdkfhlra.supabase.co/rest/v1/rpc/get_commute_status:0
[43033926ms] [ERROR] Failed to load resource: the server responded with a status of 400 () @ https://kvhsviugkbvrjdkfhlra.supabase.co/rest/v1/rpc/get_commute_status:0
[43036917ms] [ERROR] Failed to load resource: the server responded with a status of 400 () @ https://kvhsviugkbvrjdkfhlra.supabase.co/rest/v1/rpc/get_commute_status:0
[43039940ms] [ERROR] Failed to load resource: the server responded with a status of 400 () @ https://kvhsviugkbvrjdkfhlra.supabase.co/rest/v1/rpc/get_commute_status:0
[43042918ms] [ERROR] Failed to load resource: the server responded with a status of 400 () @ https://kvhsviugkbvrjdkfhlra.supabase.co/rest/v1/rpc/get_commute_status:0
[43045921ms] [ERROR] Failed to load resource: the server responded with a status of 400 () @ https://kvhsviugkbvrjdkfhlra.supabase.co/rest/v1/rpc/get_commute_status:0
[43048939ms] [ERROR] Failed to load resource: the server responded with a status of 400 () @ https://kvhsviugkbvrjdkfhlra.supabase.co/rest/v1/rpc/get_commute_status:0
[43051927ms] [ERROR] Failed to load resource: the server responded with a status of 400 () @ https://kvhsviugkbvrjdkfhlra.supabase.co/rest/v1/rpc/get_commute_status:0
[43054917ms] [ERROR] Failed to load resource: the server responded with a status of 400 () @ https://kvhsviugkbvrjdkfhlra.supabase.co/rest/v1/rpc/get_commute_status:0
[43057929ms] [ERROR] Failed to load resource: the server responded with a status of 400 () @ https://kvhsviugkbvrjdkfhlra.supabase.co/rest/v1/rpc/get_commute_status:0
[43059355ms] [LOG] [Fast Refresh] rebuilding @ http://localhost:3000/_next/static/chunks/node_modules_next_dist_1ybzpk2._.js:2477
[43059368ms] [LOG] [Fast Refresh] done in 115ms @ http://localhost:3000/_next/static/chunks/node_modules_next_dist_1ybzpk2._.js:2477
[43060917ms] [ERROR] Failed to load resource: the server responded with a status of 400 () @ https://kvhsviugkbvrjdkfhlra.supabase.co/rest/v1/rpc/get_commute_status:0
[43063927ms] [ERROR] Failed to load resource: the server responded with a status of 400 () @ https://kvhsviugkbvrjdkfhlra.supabase.co/rest/v1/rpc/get_commute_status:0
[43066939ms] [ERROR] Failed to load resource: the server responded with a status of 400 () @ https://kvhsviugkbvrjdkfhlra.supabase.co/rest/v1/rpc/get_commute_status:0
[43069930ms] [ERROR] Failed to load resource: the server responded with a status of 400 () @ https://kvhsviugkbvrjdkfhlra.supabase.co/rest/v1/rpc/get_commute_status:0
[43072923ms] [ERROR] Failed to load resource: the server responded with a status of 400 () @ https://kvhsviugkbvrjdkfhlra.supabase.co/rest/v1/rpc/get_commute_status:0
[43075924ms] [ERROR] Failed to load resource: the server responded with a status of 400 () @ https://kvhsviugkbvrjdkfhlra.supabase.co/rest/v1/rpc/get_commute_status:0
[43078933ms] [ERROR] Failed to load resource: the server responded with a status of 400 () @ https://kvhsviugkbvrjdkfhlra.supabase.co/rest/v1/rpc/get_commute_status:0
[43081924ms] [ERROR] Failed to load resource: the server responded with a status of 400 () @ https://kvhsviugkbvrjdkfhlra.supabase.co/rest/v1/rpc/get_commute_status:0
[43084929ms] [ERROR] Failed to load resource: the server responded with a status of 400 () @ https://kvhsviugkbvrjdkfhlra.supabase.co/rest/v1/rpc/get_commute_status:0
[43087930ms] [ERROR] Failed to load resource: the server responded with a status of 400 () @ https://kvhsviugkbvrjdkfhlra.supabase.co/rest/v1/rpc/get_commute_status:0
[43090928ms] [ERROR] Failed to load resource: the server responded with a status of 400 () @ https://kvhsviugkbvrjdkfhlra.supabase.co/rest/v1/rpc/get_commute_status:0
[43093932ms] [ERROR] Failed to load resource: the server responded with a status of 400 () @ https://kvhsviugkbvrjdkfhlra.supabase.co/rest/v1/rpc/get_commute_status:0
[43096427ms] [ERROR] WebSocket connection to 'ws://localhost:3000/_next/webpack-hmr?id=bjefCNeXtAtkqr8Au7qDu' failed:  @ http://localhost:3000/_next/static/chunks/node_modules_next_dist_client_0r5nbpw._.js:13422
[43096968ms] [ERROR] Failed to load resource: the server responded with a status of 400 () @ https://kvhsviugkbvrjdkfhlra.supabase.co/rest/v1/rpc/get_commute_status:0
[43097434ms] [ERROR] WebSocket connection to 'ws://localhost:3000/_next/webpack-hmr?id=bjefCNeXtAtkqr8Au7qDu' failed: Error in connection establishment: net::ERR_CONNECTION_REFUSED @ http://localhost:3000/_next/static/chunks/node_modules_next_dist_client_0r5nbpw._.js:13422
[43098437ms] [ERROR] WebSocket connection to 'ws://localhost:3000/_next/webpack-hmr?id=bjefCNeXtAtkqr8Au7qDu' failed: Error in connection establishment: net::ERR_CONNECTION_REFUSED @ http://localhost:3000/_next/static/chunks/node_modules_next_dist_client_0r5nbpw._.js:13422
[43099441ms] [ERROR] WebSocket connection to 'ws://localhost:3000/_next/webpack-hmr?id=bjefCNeXtAtkqr8Au7qDu' failed: Error in connection establishment: net::ERR_CONNECTION_REFUSED @ http://localhost:3000/_next/static/chunks/node_modules_next_dist_client_0r5nbpw._.js:13422
[43099934ms] [ERROR] Failed to load resource: the server responded with a status of 400 () @ https://kvhsviugkbvrjdkfhlra.supabase.co/rest/v1/rpc/get_commute_status:0
[43100446ms] [ERROR] WebSocket connection to 'ws://localhost:3000/_next/webpack-hmr?id=bjefCNeXtAtkqr8Au7qDu' failed: Error in connection establishment: net::ERR_CONNECTION_REFUSED @ http://localhost:3000/_next/static/chunks/node_modules_next_dist_client_0r5nbpw._.js:13422
[43101451ms] [ERROR] WebSocket connection to 'ws://localhost:3000/_next/webpack-hmr?id=bjefCNeXtAtkqr8Au7qDu' failed: Error in connection establishment: net::ERR_CONNECTION_REFUSED @ http://localhost:3000/_next/static/chunks/node_modules_next_dist_client_0r5nbpw._.js:13422
[43102932ms] [ERROR] Failed to load resource: the server responded with a status of 400 () @ https://kvhsviugkbvrjdkfhlra.supabase.co/rest/v1/rpc/get_commute_status:0
[43105920ms] [ERROR] Failed to load resource: the server responded with a status of 400 () @ https://kvhsviugkbvrjdkfhlra.supabase.co/rest/v1/rpc/get_commute_status:0
[43106458ms] [ERROR] WebSocket connection to 'ws://localhost:3000/_next/webpack-hmr?id=bjefCNeXtAtkqr8Au7qDu' failed: Error in connection establishment: net::ERR_CONNECTION_REFUSED @ http://localhost:3000/_next/static/chunks/node_modules_next_dist_client_0r5nbpw._.js:13422
[43108949ms] [ERROR] Failed to load resource: the server responded with a status of 400 () @ https://kvhsviugkbvrjdkfhlra.supabase.co/rest/v1/rpc/get_commute_status:0
[43111465ms] [ERROR] WebSocket connection to 'ws://localhost:3000/_next/webpack-hmr?id=bjefCNeXtAtkqr8Au7qDu' failed: Error in connection establishment: net::ERR_CONNECTION_REFUSED @ http://localhost:3000/_next/static/chunks/node_modules_next_dist_client_0r5nbpw._.js:13422
[43111920ms] [ERROR] Failed to load resource: the server responded with a status of 400 () @ https://kvhsviugkbvrjdkfhlra.supabase.co/rest/v1/rpc/get_commute_status:0
[43114932ms] [ERROR] Failed to load resource: the server responded with a status of 400 () @ https://kvhsviugkbvrjdkfhlra.supabase.co/rest/v1/rpc/get_commute_status:0
[43116481ms] [ERROR] WebSocket connection to 'ws://localhost:3000/_next/webpack-hmr?id=bjefCNeXtAtkqr8Au7qDu' failed: Error in connection establishment: net::ERR_CONNECTION_REFUSED @ http://localhost:3000/_next/static/chunks/node_modules_next_dist_client_0r5nbpw._.js:13422
[43117922ms] [ERROR] Failed to load resource: the server responded with a status of 400 () @ https://kvhsviugkbvrjdkfhlra.supabase.co/rest/v1/rpc/get_commute_status:0
[43120948ms] [ERROR] Failed to load resource: the server responded with a status of 400 () @ https://kvhsviugkbvrjdkfhlra.supabase.co/rest/v1/rpc/get_commute_status:0
[43121806ms] [LOG] [HMR] connected @ http://localhost:3000/_next/static/chunks/node_modules_next_dist_1ybzpk2._.js:2477
[43122593ms] [INFO] %cDownload the React DevTools for a better development experience: https://react.dev/link/react-devtools font-weight:bold @ http://localhost:3000/_next/static/chunks/node_modules_next_dist_1ybzpk2._.js:2477
[43122608ms] [LOG] [HMR] connected @ http://localhost:3000/_next/static/chunks/node_modules_next_dist_1ybzpk2._.js:2477
[43122671ms] [ERROR] Failed to load resource: the server responded with a status of 400 () @ https://kvhsviugkbvrjdkfhlra.supabase.co/rest/v1/rpc/get_commute_status:0
[43125661ms] [ERROR] Failed to load resource: the server responded with a status of 400 () @ https://kvhsviugkbvrjdkfhlra.supabase.co/rest/v1/rpc/get_commute_status:0
[43128681ms] [ERROR] Failed to load resource: the server responded with a status of 400 () @ https://kvhsviugkbvrjdkfhlra.supabase.co/rest/v1/rpc/get_commute_status:0
[43131659ms] [ERROR] Failed to load resource: the server responded with a status of 400 () @ https://kvhsviugkbvrjdkfhlra.supabase.co/rest/v1/rpc/get_commute_status:0
[43134669ms] [ERROR] Failed to load resource: the server responded with a status of 400 () @ https://kvhsviugkbvrjdkfhlra.supabase.co/rest/v1/rpc/get_commute_status:0
