[     316ms] [INFO] %cDownload the React DevTools for a better development experience: https://react.dev/link/react-devtools font-weight:bold @ http://localhost:3000/_next/static/chunks/node_modules_next_dist_1ybzpk2._.js:2477
[     330ms] [LOG] [HMR] connected @ http://localhost:3000/_next/static/chunks/node_modules_next_dist_1ybzpk2._.js:2477
[   54193ms] [ERROR] Failed to load resource: the server responded with a status of 406 () @ https://kvhsviugkbvrjdkfhlra.supabase.co/rest/v1/sessions?select=id%2Cinvite_code%2Cstatus&id=eq.43ea8d77-c59b-4387-9fb8-f6e2fcdcbee4:0
[   54249ms] [ERROR] Failed to load resource: the server responded with a status of 406 () @ https://kvhsviugkbvrjdkfhlra.supabase.co/rest/v1/sessions?select=id%2Cinvite_code%2Cstatus&id=eq.43ea8d77-c59b-4387-9fb8-f6e2fcdcbee4:0
[   57197ms] [ERROR] Failed to load resource: the server responded with a status of 406 () @ https://kvhsviugkbvrjdkfhlra.supabase.co/rest/v1/sessions?select=id%2Cinvite_code%2Cstatus&id=eq.43ea8d77-c59b-4387-9fb8-f6e2fcdcbee4:0
[   60208ms] [ERROR] Failed to load resource: the server responded with a status of 406 () @ https://kvhsviugkbvrjdkfhlra.supabase.co/rest/v1/sessions?select=id%2Cinvite_code%2Cstatus&id=eq.43ea8d77-c59b-4387-9fb8-f6e2fcdcbee4:0
[   63197ms] [ERROR] Failed to load resource: the server responded with a status of 406 () @ https://kvhsviugkbvrjdkfhlra.supabase.co/rest/v1/sessions?select=id%2Cinvite_code%2Cstatus&id=eq.43ea8d77-c59b-4387-9fb8-f6e2fcdcbee4:0
[   66208ms] [ERROR] Failed to load resource: the server responded with a status of 406 () @ https://kvhsviugkbvrjdkfhlra.supabase.co/rest/v1/sessions?select=id%2Cinvite_code%2Cstatus&id=eq.43ea8d77-c59b-4387-9fb8-f6e2fcdcbee4:0
[   69196ms] [ERROR] Failed to load resource: the server responded with a status of 406 () @ https://kvhsviugkbvrjdkfhlra.supabase.co/rest/v1/sessions?select=id%2Cinvite_code%2Cstatus&id=eq.43ea8d77-c59b-4387-9fb8-f6e2fcdcbee4:0
[   72189ms] [ERROR] Failed to load resource: the server responded with a status of 406 () @ https://kvhsviugkbvrjdkfhlra.supabase.co/rest/v1/sessions?select=id%2Cinvite_code%2Cstatus&id=eq.43ea8d77-c59b-4387-9fb8-f6e2fcdcbee4:0
[   75197ms] [ERROR] Failed to load resource: the server responded with a status of 406 () @ https://kvhsviugkbvrjdkfhlra.supabase.co/rest/v1/sessions?select=id%2Cinvite_code%2Cstatus&id=eq.43ea8d77-c59b-4387-9fb8-f6e2fcdcbee4:0
[   78193ms] [ERROR] Failed to load resource: the server responded with a status of 406 () @ https://kvhsviugkbvrjdkfhlra.supabase.co/rest/v1/sessions?select=id%2Cinvite_code%2Cstatus&id=eq.43ea8d77-c59b-4387-9fb8-f6e2fcdcbee4:0
[   81200ms] [ERROR] Failed to load resource: the server responded with a status of 406 () @ https://kvhsviugkbvrjdkfhlra.supabase.co/rest/v1/sessions?select=id%2Cinvite_code%2Cstatus&id=eq.43ea8d77-c59b-4387-9fb8-f6e2fcdcbee4:0
[   84238ms] [ERROR] Failed to load resource: the server responded with a status of 406 () @ https://kvhsviugkbvrjdkfhlra.supabase.co/rest/v1/sessions?select=id%2Cinvite_code%2Cstatus&id=eq.43ea8d77-c59b-4387-9fb8-f6e2fcdcbee4:0
[   87197ms] [ERROR] Failed to load resource: the server responded with a status of 406 () @ https://kvhsviugkbvrjdkfhlra.supabase.co/rest/v1/sessions?select=id%2Cinvite_code%2Cstatus&id=eq.43ea8d77-c59b-4387-9fb8-f6e2fcdcbee4:0
[   90203ms] [ERROR] Failed to load resource: the server responded with a status of 406 () @ https://kvhsviugkbvrjdkfhlra.supabase.co/rest/v1/sessions?select=id%2Cinvite_code%2Cstatus&id=eq.43ea8d77-c59b-4387-9fb8-f6e2fcdcbee4:0
[   93199ms] [ERROR] Failed to load resource: the server responded with a status of 406 () @ https://kvhsviugkbvrjdkfhlra.supabase.co/rest/v1/sessions?select=id%2Cinvite_code%2Cstatus&id=eq.43ea8d77-c59b-4387-9fb8-f6e2fcdcbee4:0
[   96212ms] [ERROR] Failed to load resource: the server responded with a status of 406 () @ https://kvhsviugkbvrjdkfhlra.supabase.co/rest/v1/sessions?select=id%2Cinvite_code%2Cstatus&id=eq.43ea8d77-c59b-4387-9fb8-f6e2fcdcbee4:0
[   99212ms] [ERROR] Failed to load resource: the server responded with a status of 406 () @ https://kvhsviugkbvrjdkfhlra.supabase.co/rest/v1/sessions?select=id%2Cinvite_code%2Cstatus&id=eq.43ea8d77-c59b-4387-9fb8-f6e2fcdcbee4:0
[  102703ms] [ERROR] Failed to load resource: the server responded with a status of 406 () @ https://kvhsviugkbvrjdkfhlra.supabase.co/rest/v1/sessions?select=id%2Cinvite_code%2Cstatus&id=eq.43ea8d77-c59b-4387-9fb8-f6e2fcdcbee4:0
[  105198ms] [ERROR] Failed to load resource: the server responded with a status of 406 () @ https://kvhsviugkbvrjdkfhlra.supabase.co/rest/v1/sessions?select=id%2Cinvite_code%2Cstatus&id=eq.43ea8d77-c59b-4387-9fb8-f6e2fcdcbee4:0
[  108208ms] [ERROR] Failed to load resource: the server responded with a status of 406 () @ https://kvhsviugkbvrjdkfhlra.supabase.co/rest/v1/sessions?select=id%2Cinvite_code%2Cstatus&id=eq.43ea8d77-c59b-4387-9fb8-f6e2fcdcbee4:0
[  111213ms] [ERROR] Failed to load resource: the server responded with a status of 406 () @ https://kvhsviugkbvrjdkfhlra.supabase.co/rest/v1/sessions?select=id%2Cinvite_code%2Cstatus&id=eq.43ea8d77-c59b-4387-9fb8-f6e2fcdcbee4:0
[  114220ms] [ERROR] Failed to load resource: the server responded with a status of 406 () @ https://kvhsviugkbvrjdkfhlra.supabase.co/rest/v1/sessions?select=id%2Cinvite_code%2Cstatus&id=eq.43ea8d77-c59b-4387-9fb8-f6e2fcdcbee4:0
[  117217ms] [ERROR] Failed to load resource: the server responded with a status of 406 () @ https://kvhsviugkbvrjdkfhlra.supabase.co/rest/v1/sessions?select=id%2Cinvite_code%2Cstatus&id=eq.43ea8d77-c59b-4387-9fb8-f6e2fcdcbee4:0
[  120243ms] [ERROR] Failed to load resource: the server responded with a status of 406 () @ https://kvhsviugkbvrjdkfhlra.supabase.co/rest/v1/sessions?select=id%2Cinvite_code%2Cstatus&id=eq.43ea8d77-c59b-4387-9fb8-f6e2fcdcbee4:0
[  123197ms] [ERROR] Failed to load resource: the server responded with a status of 406 () @ https://kvhsviugkbvrjdkfhlra.supabase.co/rest/v1/sessions?select=id%2Cinvite_code%2Cstatus&id=eq.43ea8d77-c59b-4387-9fb8-f6e2fcdcbee4:0
[  126185ms] [ERROR] Failed to load resource: the server responded with a status of 406 () @ https://kvhsviugkbvrjdkfhlra.supabase.co/rest/v1/sessions?select=id%2Cinvite_code%2Cstatus&id=eq.43ea8d77-c59b-4387-9fb8-f6e2fcdcbee4:0
[  129208ms] [ERROR] Failed to load resource: the server responded with a status of 406 () @ https://kvhsviugkbvrjdkfhlra.supabase.co/rest/v1/sessions?select=id%2Cinvite_code%2Cstatus&id=eq.43ea8d77-c59b-4387-9fb8-f6e2fcdcbee4:0
[  132198ms] [ERROR] Failed to load resource: the server responded with a status of 406 () @ https://kvhsviugkbvrjdkfhlra.supabase.co/rest/v1/sessions?select=id%2Cinvite_code%2Cstatus&id=eq.43ea8d77-c59b-4387-9fb8-f6e2fcdcbee4:0
[  135189ms] [ERROR] Failed to load resource: the server responded with a status of 406 () @ https://kvhsviugkbvrjdkfhlra.supabase.co/rest/v1/sessions?select=id%2Cinvite_code%2Cstatus&id=eq.43ea8d77-c59b-4387-9fb8-f6e2fcdcbee4:0
[  138211ms] [ERROR] Failed to load resource: the server responded with a status of 406 () @ https://kvhsviugkbvrjdkfhlra.supabase.co/rest/v1/sessions?select=id%2Cinvite_code%2Cstatus&id=eq.43ea8d77-c59b-4387-9fb8-f6e2fcdcbee4:0
[  141197ms] [ERROR] Failed to load resource: the server responded with a status of 406 () @ https://kvhsviugkbvrjdkfhlra.supabase.co/rest/v1/sessions?select=id%2Cinvite_code%2Cstatus&id=eq.43ea8d77-c59b-4387-9fb8-f6e2fcdcbee4:0
[  144195ms] [ERROR] Failed to load resource: the server responded with a status of 406 () @ https://kvhsviugkbvrjdkfhlra.supabase.co/rest/v1/sessions?select=id%2Cinvite_code%2Cstatus&id=eq.43ea8d77-c59b-4387-9fb8-f6e2fcdcbee4:0
[  147195ms] [ERROR] Failed to load resource: the server responded with a status of 406 () @ https://kvhsviugkbvrjdkfhlra.supabase.co/rest/v1/sessions?select=id%2Cinvite_code%2Cstatus&id=eq.43ea8d77-c59b-4387-9fb8-f6e2fcdcbee4:0
[  150194ms] [ERROR] Failed to load resource: the server responded with a status of 406 () @ https://kvhsviugkbvrjdkfhlra.supabase.co/rest/v1/sessions?select=id%2Cinvite_code%2Cstatus&id=eq.43ea8d77-c59b-4387-9fb8-f6e2fcdcbee4:0
[  153196ms] [ERROR] Failed to load resource: the server responded with a status of 406 () @ https://kvhsviugkbvrjdkfhlra.supabase.co/rest/v1/sessions?select=id%2Cinvite_code%2Cstatus&id=eq.43ea8d77-c59b-4387-9fb8-f6e2fcdcbee4:0
[  156203ms] [ERROR] Failed to load resource: the server responded with a status of 406 () @ https://kvhsviugkbvrjdkfhlra.supabase.co/rest/v1/sessions?select=id%2Cinvite_code%2Cstatus&id=eq.43ea8d77-c59b-4387-9fb8-f6e2fcdcbee4:0
[  159205ms] [ERROR] Failed to load resource: the server responded with a status of 406 () @ https://kvhsviugkbvrjdkfhlra.supabase.co/rest/v1/sessions?select=id%2Cinvite_code%2Cstatus&id=eq.43ea8d77-c59b-4387-9fb8-f6e2fcdcbee4:0
[  162218ms] [ERROR] Failed to load resource: the server responded with a status of 406 () @ https://kvhsviugkbvrjdkfhlra.supabase.co/rest/v1/sessions?select=id%2Cinvite_code%2Cstatus&id=eq.43ea8d77-c59b-4387-9fb8-f6e2fcdcbee4:0
[  165207ms] [ERROR] Failed to load resource: the server responded with a status of 406 () @ https://kvhsviugkbvrjdkfhlra.supabase.co/rest/v1/sessions?select=id%2Cinvite_code%2Cstatus&id=eq.43ea8d77-c59b-4387-9fb8-f6e2fcdcbee4:0
[  168219ms] [ERROR] Failed to load resource: the server responded with a status of 406 () @ https://kvhsviugkbvrjdkfhlra.supabase.co/rest/v1/sessions?select=id%2Cinvite_code%2Cstatus&id=eq.43ea8d77-c59b-4387-9fb8-f6e2fcdcbee4:0
[  171207ms] [ERROR] Failed to load resource: the server responded with a status of 406 () @ https://kvhsviugkbvrjdkfhlra.supabase.co/rest/v1/sessions?select=id%2Cinvite_code%2Cstatus&id=eq.43ea8d77-c59b-4387-9fb8-f6e2fcdcbee4:0
[  174207ms] [ERROR] Failed to load resource: the server responded with a status of 406 () @ https://kvhsviugkbvrjdkfhlra.supabase.co/rest/v1/sessions?select=id%2Cinvite_code%2Cstatus&id=eq.43ea8d77-c59b-4387-9fb8-f6e2fcdcbee4:0
[  177219ms] [ERROR] Failed to load resource: the server responded with a status of 406 () @ https://kvhsviugkbvrjdkfhlra.supabase.co/rest/v1/sessions?select=id%2Cinvite_code%2Cstatus&id=eq.43ea8d77-c59b-4387-9fb8-f6e2fcdcbee4:0
[  180196ms] [ERROR] Failed to load resource: the server responded with a status of 406 () @ https://kvhsviugkbvrjdkfhlra.supabase.co/rest/v1/sessions?select=id%2Cinvite_code%2Cstatus&id=eq.43ea8d77-c59b-4387-9fb8-f6e2fcdcbee4:0
[  183217ms] [ERROR] Failed to load resource: the server responded with a status of 406 () @ https://kvhsviugkbvrjdkfhlra.supabase.co/rest/v1/sessions?select=id%2Cinvite_code%2Cstatus&id=eq.43ea8d77-c59b-4387-9fb8-f6e2fcdcbee4:0
[  186216ms] [ERROR] Failed to load resource: the server responded with a status of 406 () @ https://kvhsviugkbvrjdkfhlra.supabase.co/rest/v1/sessions?select=id%2Cinvite_code%2Cstatus&id=eq.43ea8d77-c59b-4387-9fb8-f6e2fcdcbee4:0
[  189231ms] [ERROR] Failed to load resource: the server responded with a status of 406 () @ https://kvhsviugkbvrjdkfhlra.supabase.co/rest/v1/sessions?select=id%2Cinvite_code%2Cstatus&id=eq.43ea8d77-c59b-4387-9fb8-f6e2fcdcbee4:0
[  192200ms] [ERROR] Failed to load resource: the server responded with a status of 406 () @ https://kvhsviugkbvrjdkfhlra.supabase.co/rest/v1/sessions?select=id%2Cinvite_code%2Cstatus&id=eq.43ea8d77-c59b-4387-9fb8-f6e2fcdcbee4:0
[  195223ms] [ERROR] Failed to load resource: the server responded with a status of 406 () @ https://kvhsviugkbvrjdkfhlra.supabase.co/rest/v1/sessions?select=id%2Cinvite_code%2Cstatus&id=eq.43ea8d77-c59b-4387-9fb8-f6e2fcdcbee4:0
[  198220ms] [ERROR] Failed to load resource: the server responded with a status of 406 () @ https://kvhsviugkbvrjdkfhlra.supabase.co/rest/v1/sessions?select=id%2Cinvite_code%2Cstatus&id=eq.43ea8d77-c59b-4387-9fb8-f6e2fcdcbee4:0
[  201211ms] [ERROR] Failed to load resource: the server responded with a status of 406 () @ https://kvhsviugkbvrjdkfhlra.supabase.co/rest/v1/sessions?select=id%2Cinvite_code%2Cstatus&id=eq.43ea8d77-c59b-4387-9fb8-f6e2fcdcbee4:0
[  204198ms] [ERROR] Failed to load resource: the server responded with a status of 406 () @ https://kvhsviugkbvrjdkfhlra.supabase.co/rest/v1/sessions?select=id%2Cinvite_code%2Cstatus&id=eq.43ea8d77-c59b-4387-9fb8-f6e2fcdcbee4:0
[  207199ms] [ERROR] Failed to load resource: the server responded with a status of 406 () @ https://kvhsviugkbvrjdkfhlra.supabase.co/rest/v1/sessions?select=id%2Cinvite_code%2Cstatus&id=eq.43ea8d77-c59b-4387-9fb8-f6e2fcdcbee4:0
[  210189ms] [ERROR] Failed to load resource: the server responded with a status of 406 () @ https://kvhsviugkbvrjdkfhlra.supabase.co/rest/v1/sessions?select=id%2Cinvite_code%2Cstatus&id=eq.43ea8d77-c59b-4387-9fb8-f6e2fcdcbee4:0
[  213202ms] [ERROR] Failed to load resource: the server responded with a status of 406 () @ https://kvhsviugkbvrjdkfhlra.supabase.co/rest/v1/sessions?select=id%2Cinvite_code%2Cstatus&id=eq.43ea8d77-c59b-4387-9fb8-f6e2fcdcbee4:0
[  216232ms] [ERROR] Failed to load resource: the server responded with a status of 406 () @ https://kvhsviugkbvrjdkfhlra.supabase.co/rest/v1/sessions?select=id%2Cinvite_code%2Cstatus&id=eq.43ea8d77-c59b-4387-9fb8-f6e2fcdcbee4:0
[  219202ms] [ERROR] Failed to load resource: the server responded with a status of 406 () @ https://kvhsviugkbvrjdkfhlra.supabase.co/rest/v1/sessions?select=id%2Cinvite_code%2Cstatus&id=eq.43ea8d77-c59b-4387-9fb8-f6e2fcdcbee4:0
[  222243ms] [ERROR] Failed to load resource: the server responded with a status of 406 () @ https://kvhsviugkbvrjdkfhlra.supabase.co/rest/v1/sessions?select=id%2Cinvite_code%2Cstatus&id=eq.43ea8d77-c59b-4387-9fb8-f6e2fcdcbee4:0
[  225202ms] [ERROR] Failed to load resource: the server responded with a status of 406 () @ https://kvhsviugkbvrjdkfhlra.supabase.co/rest/v1/sessions?select=id%2Cinvite_code%2Cstatus&id=eq.43ea8d77-c59b-4387-9fb8-f6e2fcdcbee4:0
[  228194ms] [ERROR] Failed to load resource: the server responded with a status of 406 () @ https://kvhsviugkbvrjdkfhlra.supabase.co/rest/v1/sessions?select=id%2Cinvite_code%2Cstatus&id=eq.43ea8d77-c59b-4387-9fb8-f6e2fcdcbee4:0
[  231203ms] [ERROR] Failed to load resource: the server responded with a status of 406 () @ https://kvhsviugkbvrjdkfhlra.supabase.co/rest/v1/sessions?select=id%2Cinvite_code%2Cstatus&id=eq.43ea8d77-c59b-4387-9fb8-f6e2fcdcbee4:0
[  234204ms] [ERROR] Failed to load resource: the server responded with a status of 406 () @ https://kvhsviugkbvrjdkfhlra.supabase.co/rest/v1/sessions?select=id%2Cinvite_code%2Cstatus&id=eq.43ea8d77-c59b-4387-9fb8-f6e2fcdcbee4:0
[  237178ms] [ERROR] Failed to load resource: the server responded with a status of 406 () @ https://kvhsviugkbvrjdkfhlra.supabase.co/rest/v1/sessions?select=id%2Cinvite_code%2Cstatus&id=eq.43ea8d77-c59b-4387-9fb8-f6e2fcdcbee4:0
[  240196ms] [ERROR] Failed to load resource: the server responded with a status of 406 () @ https://kvhsviugkbvrjdkfhlra.supabase.co/rest/v1/sessions?select=id%2Cinvite_code%2Cstatus&id=eq.43ea8d77-c59b-4387-9fb8-f6e2fcdcbee4:0
[  243197ms] [ERROR] Failed to load resource: the server responded with a status of 406 () @ https://kvhsviugkbvrjdkfhlra.supabase.co/rest/v1/sessions?select=id%2Cinvite_code%2Cstatus&id=eq.43ea8d77-c59b-4387-9fb8-f6e2fcdcbee4:0
[  246245ms] [ERROR] Failed to load resource: the server responded with a status of 406 () @ https://kvhsviugkbvrjdkfhlra.supabase.co/rest/v1/sessions?select=id%2Cinvite_code%2Cstatus&id=eq.43ea8d77-c59b-4387-9fb8-f6e2fcdcbee4:0
[  249203ms] [ERROR] Failed to load resource: the server responded with a status of 406 () @ https://kvhsviugkbvrjdkfhlra.supabase.co/rest/v1/sessions?select=id%2Cinvite_code%2Cstatus&id=eq.43ea8d77-c59b-4387-9fb8-f6e2fcdcbee4:0
[  252195ms] [ERROR] Failed to load resource: the server responded with a status of 406 () @ https://kvhsviugkbvrjdkfhlra.supabase.co/rest/v1/sessions?select=id%2Cinvite_code%2Cstatus&id=eq.43ea8d77-c59b-4387-9fb8-f6e2fcdcbee4:0
[  255201ms] [ERROR] Failed to load resource: the server responded with a status of 406 () @ https://kvhsviugkbvrjdkfhlra.supabase.co/rest/v1/sessions?select=id%2Cinvite_code%2Cstatus&id=eq.43ea8d77-c59b-4387-9fb8-f6e2fcdcbee4:0
[  258215ms] [ERROR] Failed to load resource: the server responded with a status of 406 () @ https://kvhsviugkbvrjdkfhlra.supabase.co/rest/v1/sessions?select=id%2Cinvite_code%2Cstatus&id=eq.43ea8d77-c59b-4387-9fb8-f6e2fcdcbee4:0
[  261196ms] [ERROR] Failed to load resource: the server responded with a status of 406 () @ https://kvhsviugkbvrjdkfhlra.supabase.co/rest/v1/sessions?select=id%2Cinvite_code%2Cstatus&id=eq.43ea8d77-c59b-4387-9fb8-f6e2fcdcbee4:0
[  264198ms] [ERROR] Failed to load resource: the server responded with a status of 406 () @ https://kvhsviugkbvrjdkfhlra.supabase.co/rest/v1/sessions?select=id%2Cinvite_code%2Cstatus&id=eq.43ea8d77-c59b-4387-9fb8-f6e2fcdcbee4:0
[  267194ms] [ERROR] Failed to load resource: the server responded with a status of 406 () @ https://kvhsviugkbvrjdkfhlra.supabase.co/rest/v1/sessions?select=id%2Cinvite_code%2Cstatus&id=eq.43ea8d77-c59b-4387-9fb8-f6e2fcdcbee4:0
[  270194ms] [ERROR] Failed to load resource: the server responded with a status of 406 () @ https://kvhsviugkbvrjdkfhlra.supabase.co/rest/v1/sessions?select=id%2Cinvite_code%2Cstatus&id=eq.43ea8d77-c59b-4387-9fb8-f6e2fcdcbee4:0
[  273198ms] [ERROR] Failed to load resource: the server responded with a status of 406 () @ https://kvhsviugkbvrjdkfhlra.supabase.co/rest/v1/sessions?select=id%2Cinvite_code%2Cstatus&id=eq.43ea8d77-c59b-4387-9fb8-f6e2fcdcbee4:0
[  276189ms] [ERROR] Failed to load resource: the server responded with a status of 406 () @ https://kvhsviugkbvrjdkfhlra.supabase.co/rest/v1/sessions?select=id%2Cinvite_code%2Cstatus&id=eq.43ea8d77-c59b-4387-9fb8-f6e2fcdcbee4:0
[  279187ms] [ERROR] Failed to load resource: the server responded with a status of 406 () @ https://kvhsviugkbvrjdkfhlra.supabase.co/rest/v1/sessions?select=id%2Cinvite_code%2Cstatus&id=eq.43ea8d77-c59b-4387-9fb8-f6e2fcdcbee4:0
[  282206ms] [ERROR] Failed to load resource: the server responded with a status of 406 () @ https://kvhsviugkbvrjdkfhlra.supabase.co/rest/v1/sessions?select=id%2Cinvite_code%2Cstatus&id=eq.43ea8d77-c59b-4387-9fb8-f6e2fcdcbee4:0
[  285188ms] [ERROR] Failed to load resource: the server responded with a status of 406 () @ https://kvhsviugkbvrjdkfhlra.supabase.co/rest/v1/sessions?select=id%2Cinvite_code%2Cstatus&id=eq.43ea8d77-c59b-4387-9fb8-f6e2fcdcbee4:0
[  288196ms] [ERROR] Failed to load resource: the server responded with a status of 406 () @ https://kvhsviugkbvrjdkfhlra.supabase.co/rest/v1/sessions?select=id%2Cinvite_code%2Cstatus&id=eq.43ea8d77-c59b-4387-9fb8-f6e2fcdcbee4:0
[  291195ms] [ERROR] Failed to load resource: the server responded with a status of 406 () @ https://kvhsviugkbvrjdkfhlra.supabase.co/rest/v1/sessions?select=id%2Cinvite_code%2Cstatus&id=eq.43ea8d77-c59b-4387-9fb8-f6e2fcdcbee4:0
[  294201ms] [ERROR] Failed to load resource: the server responded with a status of 406 () @ https://kvhsviugkbvrjdkfhlra.supabase.co/rest/v1/sessions?select=id%2Cinvite_code%2Cstatus&id=eq.43ea8d77-c59b-4387-9fb8-f6e2fcdcbee4:0
[  297189ms] [ERROR] Failed to load resource: the server responded with a status of 406 () @ https://kvhsviugkbvrjdkfhlra.supabase.co/rest/v1/sessions?select=id%2Cinvite_code%2Cstatus&id=eq.43ea8d77-c59b-4387-9fb8-f6e2fcdcbee4:0
[  300199ms] [ERROR] Failed to load resource: the server responded with a status of 406 () @ https://kvhsviugkbvrjdkfhlra.supabase.co/rest/v1/sessions?select=id%2Cinvite_code%2Cstatus&id=eq.43ea8d77-c59b-4387-9fb8-f6e2fcdcbee4:0
[  303182ms] [ERROR] Failed to load resource: the server responded with a status of 406 () @ https://kvhsviugkbvrjdkfhlra.supabase.co/rest/v1/sessions?select=id%2Cinvite_code%2Cstatus&id=eq.43ea8d77-c59b-4387-9fb8-f6e2fcdcbee4:0
[  306201ms] [ERROR] Failed to load resource: the server responded with a status of 406 () @ https://kvhsviugkbvrjdkfhlra.supabase.co/rest/v1/sessions?select=id%2Cinvite_code%2Cstatus&id=eq.43ea8d77-c59b-4387-9fb8-f6e2fcdcbee4:0
[  309189ms] [ERROR] Failed to load resource: the server responded with a status of 406 () @ https://kvhsviugkbvrjdkfhlra.supabase.co/rest/v1/sessions?select=id%2Cinvite_code%2Cstatus&id=eq.43ea8d77-c59b-4387-9fb8-f6e2fcdcbee4:0
[  312217ms] [ERROR] Failed to load resource: the server responded with a status of 406 () @ https://kvhsviugkbvrjdkfhlra.supabase.co/rest/v1/sessions?select=id%2Cinvite_code%2Cstatus&id=eq.43ea8d77-c59b-4387-9fb8-f6e2fcdcbee4:0
[  315205ms] [ERROR] Failed to load resource: the server responded with a status of 406 () @ https://kvhsviugkbvrjdkfhlra.supabase.co/rest/v1/sessions?select=id%2Cinvite_code%2Cstatus&id=eq.43ea8d77-c59b-4387-9fb8-f6e2fcdcbee4:0
[  318204ms] [ERROR] Failed to load resource: the server responded with a status of 406 () @ https://kvhsviugkbvrjdkfhlra.supabase.co/rest/v1/sessions?select=id%2Cinvite_code%2Cstatus&id=eq.43ea8d77-c59b-4387-9fb8-f6e2fcdcbee4:0
[  321200ms] [ERROR] Failed to load resource: the server responded with a status of 406 () @ https://kvhsviugkbvrjdkfhlra.supabase.co/rest/v1/sessions?select=id%2Cinvite_code%2Cstatus&id=eq.43ea8d77-c59b-4387-9fb8-f6e2fcdcbee4:0
[  324395ms] [ERROR] Failed to load resource: the server responded with a status of 406 () @ https://kvhsviugkbvrjdkfhlra.supabase.co/rest/v1/sessions?select=id%2Cinvite_code%2Cstatus&id=eq.43ea8d77-c59b-4387-9fb8-f6e2fcdcbee4:0
[  327195ms] [ERROR] Failed to load resource: the server responded with a status of 406 () @ https://kvhsviugkbvrjdkfhlra.supabase.co/rest/v1/sessions?select=id%2Cinvite_code%2Cstatus&id=eq.43ea8d77-c59b-4387-9fb8-f6e2fcdcbee4:0
[  330214ms] [ERROR] Failed to load resource: the server responded with a status of 406 () @ https://kvhsviugkbvrjdkfhlra.supabase.co/rest/v1/sessions?select=id%2Cinvite_code%2Cstatus&id=eq.43ea8d77-c59b-4387-9fb8-f6e2fcdcbee4:0
[  333218ms] [ERROR] Failed to load resource: the server responded with a status of 406 () @ https://kvhsviugkbvrjdkfhlra.supabase.co/rest/v1/sessions?select=id%2Cinvite_code%2Cstatus&id=eq.43ea8d77-c59b-4387-9fb8-f6e2fcdcbee4:0
[  336213ms] [ERROR] Failed to load resource: the server responded with a status of 406 () @ https://kvhsviugkbvrjdkfhlra.supabase.co/rest/v1/sessions?select=id%2Cinvite_code%2Cstatus&id=eq.43ea8d77-c59b-4387-9fb8-f6e2fcdcbee4:0
[  339246ms] [ERROR] Failed to load resource: the server responded with a status of 406 () @ https://kvhsviugkbvrjdkfhlra.supabase.co/rest/v1/sessions?select=id%2Cinvite_code%2Cstatus&id=eq.43ea8d77-c59b-4387-9fb8-f6e2fcdcbee4:0
[  342195ms] [ERROR] Failed to load resource: the server responded with a status of 406 () @ https://kvhsviugkbvrjdkfhlra.supabase.co/rest/v1/sessions?select=id%2Cinvite_code%2Cstatus&id=eq.43ea8d77-c59b-4387-9fb8-f6e2fcdcbee4:0
[  345200ms] [ERROR] Failed to load resource: the server responded with a status of 406 () @ https://kvhsviugkbvrjdkfhlra.supabase.co/rest/v1/sessions?select=id%2Cinvite_code%2Cstatus&id=eq.43ea8d77-c59b-4387-9fb8-f6e2fcdcbee4:0
[  348203ms] [ERROR] Failed to load resource: the server responded with a status of 406 () @ https://kvhsviugkbvrjdkfhlra.supabase.co/rest/v1/sessions?select=id%2Cinvite_code%2Cstatus&id=eq.43ea8d77-c59b-4387-9fb8-f6e2fcdcbee4:0
[  351195ms] [ERROR] Failed to load resource: the server responded with a status of 406 () @ https://kvhsviugkbvrjdkfhlra.supabase.co/rest/v1/sessions?select=id%2Cinvite_code%2Cstatus&id=eq.43ea8d77-c59b-4387-9fb8-f6e2fcdcbee4:0
[  354194ms] [ERROR] Failed to load resource: the server responded with a status of 406 () @ https://kvhsviugkbvrjdkfhlra.supabase.co/rest/v1/sessions?select=id%2Cinvite_code%2Cstatus&id=eq.43ea8d77-c59b-4387-9fb8-f6e2fcdcbee4:0
[  357201ms] [ERROR] Failed to load resource: the server responded with a status of 406 () @ https://kvhsviugkbvrjdkfhlra.supabase.co/rest/v1/sessions?select=id%2Cinvite_code%2Cstatus&id=eq.43ea8d77-c59b-4387-9fb8-f6e2fcdcbee4:0
[  360240ms] [ERROR] Failed to load resource: the server responded with a status of 406 () @ https://kvhsviugkbvrjdkfhlra.supabase.co/rest/v1/sessions?select=id%2Cinvite_code%2Cstatus&id=eq.43ea8d77-c59b-4387-9fb8-f6e2fcdcbee4:0
[  363204ms] [ERROR] Failed to load resource: the server responded with a status of 406 () @ https://kvhsviugkbvrjdkfhlra.supabase.co/rest/v1/sessions?select=id%2Cinvite_code%2Cstatus&id=eq.43ea8d77-c59b-4387-9fb8-f6e2fcdcbee4:0
[  366190ms] [ERROR] Failed to load resource: the server responded with a status of 406 () @ https://kvhsviugkbvrjdkfhlra.supabase.co/rest/v1/sessions?select=id%2Cinvite_code%2Cstatus&id=eq.43ea8d77-c59b-4387-9fb8-f6e2fcdcbee4:0
[  369205ms] [ERROR] Failed to load resource: the server responded with a status of 406 () @ https://kvhsviugkbvrjdkfhlra.supabase.co/rest/v1/sessions?select=id%2Cinvite_code%2Cstatus&id=eq.43ea8d77-c59b-4387-9fb8-f6e2fcdcbee4:0
[  372212ms] [ERROR] Failed to load resource: the server responded with a status of 406 () @ https://kvhsviugkbvrjdkfhlra.supabase.co/rest/v1/sessions?select=id%2Cinvite_code%2Cstatus&id=eq.43ea8d77-c59b-4387-9fb8-f6e2fcdcbee4:0
[  375192ms] [ERROR] Failed to load resource: the server responded with a status of 406 () @ https://kvhsviugkbvrjdkfhlra.supabase.co/rest/v1/sessions?select=id%2Cinvite_code%2Cstatus&id=eq.43ea8d77-c59b-4387-9fb8-f6e2fcdcbee4:0
[  378195ms] [ERROR] Failed to load resource: the server responded with a status of 406 () @ https://kvhsviugkbvrjdkfhlra.supabase.co/rest/v1/sessions?select=id%2Cinvite_code%2Cstatus&id=eq.43ea8d77-c59b-4387-9fb8-f6e2fcdcbee4:0
[  381196ms] [ERROR] Failed to load resource: the server responded with a status of 406 () @ https://kvhsviugkbvrjdkfhlra.supabase.co/rest/v1/sessions?select=id%2Cinvite_code%2Cstatus&id=eq.43ea8d77-c59b-4387-9fb8-f6e2fcdcbee4:0
[  384192ms] [ERROR] Failed to load resource: the server responded with a status of 406 () @ https://kvhsviugkbvrjdkfhlra.supabase.co/rest/v1/sessions?select=id%2Cinvite_code%2Cstatus&id=eq.43ea8d77-c59b-4387-9fb8-f6e2fcdcbee4:0
[  387197ms] [ERROR] Failed to load resource: the server responded with a status of 406 () @ https://kvhsviugkbvrjdkfhlra.supabase.co/rest/v1/sessions?select=id%2Cinvite_code%2Cstatus&id=eq.43ea8d77-c59b-4387-9fb8-f6e2fcdcbee4:0
[  390186ms] [ERROR] Failed to load resource: the server responded with a status of 406 () @ https://kvhsviugkbvrjdkfhlra.supabase.co/rest/v1/sessions?select=id%2Cinvite_code%2Cstatus&id=eq.43ea8d77-c59b-4387-9fb8-f6e2fcdcbee4:0
[  393198ms] [ERROR] Failed to load resource: the server responded with a status of 406 () @ https://kvhsviugkbvrjdkfhlra.supabase.co/rest/v1/sessions?select=id%2Cinvite_code%2Cstatus&id=eq.43ea8d77-c59b-4387-9fb8-f6e2fcdcbee4:0
[  396191ms] [ERROR] Failed to load resource: the server responded with a status of 406 () @ https://kvhsviugkbvrjdkfhlra.supabase.co/rest/v1/sessions?select=id%2Cinvite_code%2Cstatus&id=eq.43ea8d77-c59b-4387-9fb8-f6e2fcdcbee4:0
[  399201ms] [ERROR] Failed to load resource: the server responded with a status of 406 () @ https://kvhsviugkbvrjdkfhlra.supabase.co/rest/v1/sessions?select=id%2Cinvite_code%2Cstatus&id=eq.43ea8d77-c59b-4387-9fb8-f6e2fcdcbee4:0
[  402207ms] [ERROR] Failed to load resource: the server responded with a status of 406 () @ https://kvhsviugkbvrjdkfhlra.supabase.co/rest/v1/sessions?select=id%2Cinvite_code%2Cstatus&id=eq.43ea8d77-c59b-4387-9fb8-f6e2fcdcbee4:0
[  405232ms] [ERROR] Failed to load resource: the server responded with a status of 406 () @ https://kvhsviugkbvrjdkfhlra.supabase.co/rest/v1/sessions?select=id%2Cinvite_code%2Cstatus&id=eq.43ea8d77-c59b-4387-9fb8-f6e2fcdcbee4:0
[  408187ms] [ERROR] Failed to load resource: the server responded with a status of 406 () @ https://kvhsviugkbvrjdkfhlra.supabase.co/rest/v1/sessions?select=id%2Cinvite_code%2Cstatus&id=eq.43ea8d77-c59b-4387-9fb8-f6e2fcdcbee4:0
[  411050ms] [LOG] [Fast Refresh] rebuilding @ http://localhost:3000/_next/static/chunks/node_modules_next_dist_1ybzpk2._.js:2477
[  411196ms] [ERROR] Failed to load resource: the server responded with a status of 406 () @ https://kvhsviugkbvrjdkfhlra.supabase.co/rest/v1/sessions?select=id%2Cinvite_code%2Cstatus&id=eq.43ea8d77-c59b-4387-9fb8-f6e2fcdcbee4:0
[  411203ms] [LOG] [Fast Refresh] done in 253ms @ http://localhost:3000/_next/static/chunks/node_modules_next_dist_1ybzpk2._.js:2477
[  414196ms] [ERROR] Failed to load resource: the server responded with a status of 406 () @ https://kvhsviugkbvrjdkfhlra.supabase.co/rest/v1/sessions?select=id%2Cinvite_code%2Cstatus&id=eq.43ea8d77-c59b-4387-9fb8-f6e2fcdcbee4:0
[  417199ms] [ERROR] Failed to load resource: the server responded with a status of 406 () @ https://kvhsviugkbvrjdkfhlra.supabase.co/rest/v1/sessions?select=id%2Cinvite_code%2Cstatus&id=eq.43ea8d77-c59b-4387-9fb8-f6e2fcdcbee4:0
[  420214ms] [ERROR] Failed to load resource: the server responded with a status of 406 () @ https://kvhsviugkbvrjdkfhlra.supabase.co/rest/v1/sessions?select=id%2Cinvite_code%2Cstatus&id=eq.43ea8d77-c59b-4387-9fb8-f6e2fcdcbee4:0
[  423863ms] [ERROR] Failed to load resource: the server responded with a status of 406 () @ https://kvhsviugkbvrjdkfhlra.supabase.co/rest/v1/sessions?select=id%2Cinvite_code%2Cstatus&id=eq.43ea8d77-c59b-4387-9fb8-f6e2fcdcbee4:0
[  426185ms] [ERROR] Failed to load resource: the server responded with a status of 406 () @ https://kvhsviugkbvrjdkfhlra.supabase.co/rest/v1/sessions?select=id%2Cinvite_code%2Cstatus&id=eq.43ea8d77-c59b-4387-9fb8-f6e2fcdcbee4:0
[  429209ms] [ERROR] Failed to load resource: the server responded with a status of 406 () @ https://kvhsviugkbvrjdkfhlra.supabase.co/rest/v1/sessions?select=id%2Cinvite_code%2Cstatus&id=eq.43ea8d77-c59b-4387-9fb8-f6e2fcdcbee4:0
[  432541ms] [ERROR] Failed to load resource: the server responded with a status of 406 () @ https://kvhsviugkbvrjdkfhlra.supabase.co/rest/v1/sessions?select=id%2Cinvite_code%2Cstatus&id=eq.43ea8d77-c59b-4387-9fb8-f6e2fcdcbee4:0
[  435205ms] [ERROR] Failed to load resource: the server responded with a status of 406 () @ https://kvhsviugkbvrjdkfhlra.supabase.co/rest/v1/sessions?select=id%2Cinvite_code%2Cstatus&id=eq.43ea8d77-c59b-4387-9fb8-f6e2fcdcbee4:0
[  438209ms] [ERROR] Failed to load resource: the server responded with a status of 406 () @ https://kvhsviugkbvrjdkfhlra.supabase.co/rest/v1/sessions?select=id%2Cinvite_code%2Cstatus&id=eq.43ea8d77-c59b-4387-9fb8-f6e2fcdcbee4:0
[  441201ms] [ERROR] Failed to load resource: the server responded with a status of 406 () @ https://kvhsviugkbvrjdkfhlra.supabase.co/rest/v1/sessions?select=id%2Cinvite_code%2Cstatus&id=eq.43ea8d77-c59b-4387-9fb8-f6e2fcdcbee4:0
[  444195ms] [ERROR] Failed to load resource: the server responded with a status of 406 () @ https://kvhsviugkbvrjdkfhlra.supabase.co/rest/v1/sessions?select=id%2Cinvite_code%2Cstatus&id=eq.43ea8d77-c59b-4387-9fb8-f6e2fcdcbee4:0
[  447227ms] [ERROR] Failed to load resource: the server responded with a status of 406 () @ https://kvhsviugkbvrjdkfhlra.supabase.co/rest/v1/sessions?select=id%2Cinvite_code%2Cstatus&id=eq.43ea8d77-c59b-4387-9fb8-f6e2fcdcbee4:0
[  450193ms] [ERROR] Failed to load resource: the server responded with a status of 406 () @ https://kvhsviugkbvrjdkfhlra.supabase.co/rest/v1/sessions?select=id%2Cinvite_code%2Cstatus&id=eq.43ea8d77-c59b-4387-9fb8-f6e2fcdcbee4:0
[  453193ms] [ERROR] Failed to load resource: the server responded with a status of 406 () @ https://kvhsviugkbvrjdkfhlra.supabase.co/rest/v1/sessions?select=id%2Cinvite_code%2Cstatus&id=eq.43ea8d77-c59b-4387-9fb8-f6e2fcdcbee4:0
[  456209ms] [ERROR] Failed to load resource: the server responded with a status of 406 () @ https://kvhsviugkbvrjdkfhlra.supabase.co/rest/v1/sessions?select=id%2Cinvite_code%2Cstatus&id=eq.43ea8d77-c59b-4387-9fb8-f6e2fcdcbee4:0
[  459190ms] [ERROR] Failed to load resource: the server responded with a status of 406 () @ https://kvhsviugkbvrjdkfhlra.supabase.co/rest/v1/sessions?select=id%2Cinvite_code%2Cstatus&id=eq.43ea8d77-c59b-4387-9fb8-f6e2fcdcbee4:0
[  462190ms] [ERROR] Failed to load resource: the server responded with a status of 406 () @ https://kvhsviugkbvrjdkfhlra.supabase.co/rest/v1/sessions?select=id%2Cinvite_code%2Cstatus&id=eq.43ea8d77-c59b-4387-9fb8-f6e2fcdcbee4:0
